Flutter crash report.
Please report a bug at https://github.com/flutter/flutter/issues.

## command

flutter build macos --debug

## exception

ProcessException: ProcessException: Process exited abnormally with exit code 70:
2026-02-27 16:45:12.029 xcodebuild[65713:3103520] [MT] DVTPlugInLoading: Failed to load code for plug-in com.apple.dt.IDESimulatorFoundation (/Applications/Xcode.app/Contents/Frameworks/IDESimulatorFoundation.framework), error = Error Domain=NSCocoaErrorDomain Code=3588 "dlopen(/Applications/Xcode.app/Contents/Frameworks/IDESimulatorFoundation.framework/IDESimulatorFoundation, 0x0109): Symbol not found: _$s12DVTDownloads21DownloadableAssetTypeO22developerDocumentationyA2CmFWC
  Referenced from: <5F4A2DE2-B0FB-381B-BB7C-8CDF8BE61D20> /Applications/Xcode.app/Contents/Frameworks/IDESimulatorFoundation.framework/Versions/A/IDESimulatorFoundation
  Expected in:     <0DE3ADE8-80EF-343E-9907-002BE7227273> /Library/Developer/PrivateFrameworks/DVTDownloads.framework/Versions/A/DVTDownloads" UserInfo={NSLocalizedFailureReason=The bundle couldn’t be loaded., NSLocalizedRecoverySuggestion=Try reinstalling the bundle., NSFilePath=/Applications/Xcode.app/Contents/Frameworks/IDESimulatorFoundation.framework/IDESimulatorFoundation, NSDebugDescription=dlopen(/Applications/Xcode.app/Contents/Frameworks/IDESimulatorFoundation.framework/IDESimulatorFoundation, 0x0109): Symbol not found: _$s12DVTDownloads21DownloadableAssetTypeO22developerDocumentationyA2CmFWC
  Referenced from: <5F4A2DE2-B0FB-381B-BB7C-8CDF8BE61D20> /Applications/Xcode.app/Contents/Frameworks/IDESimulatorFoundation.framework/Versions/A/IDESimulatorFoundation
  Expected in:     <0DE3ADE8-80EF-343E-9907-002BE7227273> /Library/Developer/PrivateFrameworks/DVTDownloads.framework/Versions/A/DVTDownloads, NSBundlePath=/Applications/Xcode.app/Contents/Frameworks/IDESimulatorFoundation.framework, NSLocalizedDescription=The bundle “IDESimulatorFoundation” couldn’t be loaded.}, dyldError = dlopen(/Applications/Xcode.app/Contents/Frameworks/IDESimulatorFoundation.framework/IDESimulatorFoundation, 0x0000): Symbol not found: _$s12DVTDownloads21DownloadableAssetTypeO22developerDocumentationyA2CmFWC
  Referenced from: <5F4A2DE2-B0FB-381B-BB7C-8CDF8BE61D20> /Applications/Xcode.app/Contents/Frameworks/IDESimulatorFoundation.framework/Versions/A/IDESimulatorFoundation
  Expected in:     <0DE3ADE8-80EF-343E-9907-002BE7227273> /Library/Developer/PrivateFrameworks/DVTDownloads.framework/Versions/A/DVTDownloads

A required plugin failed to load. Please ensure system content is up-to-date — try running 'xcodebuild -runFirstLaunch'.
2026-02-27 16:45:12.029 xcodebuild[65713:3103520] [MT] DVTPlugInExtensionFaulting: Failed to fire fault for extension IDESimulatorFoundation/IDESimulatorFoundation.plugindata/plug-in[1]/extension[2]: Error Domain=DVTPlugInErrorDomain Code=2 "Loading a plug-in failed." UserInfo={DVTPlugInIdentifierErrorKey=com.apple.dt.IDESimulatorFoundation, DVTPlugInExecutablePathErrorKey=/Applications/Xcode.app/Contents/Frameworks/IDESimulatorFoundation.framework/IDESimulatorFoundation, NSLocalizedRecoverySuggestion=The plug-in or one of its prerequisite plug-ins may be missing or damaged and may need to be reinstalled., DVTPlugInDYLDErrorMessageErrorKey=dlopen(/Applications/Xcode.app/Contents/Frameworks/IDESimulatorFoundation.framework/IDESimulatorFoundation, 0x0000): Symbol not found: _$s12DVTDownloads21DownloadableAssetTypeO22developerDocumentationyA2CmFWC
  Referenced from: <5F4A2DE2-B0FB-381B-BB7C-8CDF8BE61D20> /Applications/Xcode.app/Contents/Frameworks/IDESimulatorFoundation.framework/Versions/A/IDESimulatorFoundation
  Expected in:     <0DE3ADE8-80EF-343E-9907-002BE7227273> /Library/Developer/PrivateFrameworks/DVTDownloads.framework/Versions/A/DVTDownloads, NSLocalizedDescription=Loading a plug-in failed., NSFilePath=/Applications/Xcode.app/Contents/Frameworks/IDESimulatorFoundation.framework, NSLocalizedFailureReason=The plug-in “com.apple.dt.IDESimulatorFoundation” at path “/Applications/Xcode.app/Contents/Frameworks/IDESimulatorFoundation.framework” could not be loaded.  The plug-in or one of its prerequisite plug-ins may be missing or damaged., NSUnderlyingError=0xaa2e52be0 {Error Domain=NSCocoaErrorDomain Code=3588 "dlopen(/Applications/Xcode.app/Contents/Frameworks/IDESimulatorFoundation.framework/IDESimulatorFoundation, 0x0109): Symbol not found: _$s12DVTDownloads21DownloadableAssetTypeO22developerDocumentationyA2CmFWC
  Referenced from: <5F4A2DE2-B0FB-381B-BB7C-8CDF8BE61D20> /Applications/Xcode.app/Contents/Frameworks/IDESimulatorFoundation.framework/Versions/A/IDESimulatorFoundation
  Expected in:     <0DE3ADE8-80EF-343E-9907-002BE7227273> /Library/Developer/PrivateFrameworks/DVTDownloads.framework/Versions/A/DVTDownloads" UserInfo={NSLocalizedFailureReason=The bundle couldn’t be loaded., NSLocalizedRecoverySuggestion=Try reinstalling the bundle., NSFilePath=/Applications/Xcode.app/Contents/Frameworks/IDESimulatorFoundation.framework/IDESimulatorFoundation, NSDebugDescription=dlopen(/Applications/Xcode.app/Contents/Frameworks/IDESimulatorFoundation.framework/IDESimulatorFoundation, 0x0109): Symbol not found: _$s12DVTDownloads21DownloadableAssetTypeO22developerDocumentationyA2CmFWC
  Referenced from: <5F4A2DE2-B0FB-381B-BB7C-8CDF8BE61D20> /Applications/Xcode.app/Contents/Frameworks/IDESimulatorFoundation.framework/Versions/A/IDESimulatorFoundation
  Expected in:     <0DE3ADE8-80EF-343E-9907-002BE7227273> /Library/Developer/PrivateFrameworks/DVTDownloads.framework/Versions/A/DVTDownloads, NSBundlePath=/Applications/Xcode.app/Contents/Frameworks/IDESimulatorFoundation.framework, NSLocalizedDescription=The bundle “IDESimulatorFoundation” couldn’t be loaded.}}}


xcodebuild failed to load a required plug-in. Ensure your system frameworks are up-to-date by running 'xcodebuild -runFirstLaunch'
  Command: /usr/bin/arch -arm64e xcrun xcodebuild -list -project Runner.xcodeproj

```
#0      RunResult.throwException (package:flutter_tools/src/base/process.dart:153:5)
#1      _DefaultProcessUtils.run (package:flutter_tools/src/base/process.dart:379:19)
<asynchronous suspension>
#2      XcodeProjectInterpreter.getInfo (package:flutter_tools/src/ios/xcodeproj.dart:328:30)
<asynchronous suspension>
#3      buildMacOS (package:flutter_tools/src/macos/build_macos.dart:127:41)
<asynchronous suspension>
#4      BuildMacosCommand.runCommand (package:flutter_tools/src/commands/build_macos.dart:61:5)
<asynchronous suspension>
#5      FlutterCommand.run.<anonymous closure> (package:flutter_tools/src/runner/flutter_command.dart:1590:27)
<asynchronous suspension>
#6      AppContext.run.<anonymous closure> (package:flutter_tools/src/base/context.dart:154:19)
<asynchronous suspension>
#7      CommandRunner.runCommand (package:args/command_runner.dart:212:13)
<asynchronous suspension>
#8      FlutterCommandRunner.runCommand.<anonymous closure> (package:flutter_tools/src/runner/flutter_command_runner.dart:496:9)
<asynchronous suspension>
#9      AppContext.run.<anonymous closure> (package:flutter_tools/src/base/context.dart:154:19)
<asynchronous suspension>
#10     FlutterCommandRunner.runCommand (package:flutter_tools/src/runner/flutter_command_runner.dart:431:5)
<asynchronous suspension>
#11     FlutterCommandRunner.run.<anonymous closure> (package:flutter_tools/src/runner/flutter_command_runner.dart:307:33)
<asynchronous suspension>
#12     run.<anonymous closure>.<anonymous closure> (package:flutter_tools/runner.dart:104:11)
<asynchronous suspension>
#13     AppContext.run.<anonymous closure> (package:flutter_tools/src/base/context.dart:154:19)
<asynchronous suspension>
#14     main (package:flutter_tools/executable.dart:103:3)
<asynchronous suspension>
```

## flutter doctor

```
[32m[✓][39m Flutter (Channel stable, 3.41.2, on macOS 26.4 25E5218f darwin-arm64, locale zh-Hans-US)
    [1,782ms]
    [32m•[39m Flutter version 3.41.2 on channel stable at /opt/homebrew/share/flutter
    [32m•[39m Upstream repository https://github.com/flutter/flutter.git
    [32m•[39m Framework revision 90673a4eef (8 days ago), 2026-02-18 13:54:59 -0800
    [32m•[39m Engine revision 6c0baaebf7
    [32m•[39m Dart version 3.11.0
    [32m•[39m DevTools version 2.54.1
    [32m•[39m Feature flags: enable-web, enable-linux-desktop, enable-macos-desktop,
      enable-windows-desktop, enable-android, enable-ios, cli-animations, enable-native-assets,
      omit-legacy-version-file, enable-lldb-debugging, enable-uiscene-migration

[31m[✗][39m Android toolchain - develop for Android devices [1,617ms]
    [31m✗[39m Unable to locate Android SDK.
      Install Android Studio from: https://developer.android.com/studio/index.html
      On first launch it will assist you in installing the Android SDK components.
      (or visit https://flutter.dev/to/macos-android-setup for detailed instructions).
      If the Android SDK has been installed to a custom location, please use
      `flutter config --android-sdk` to update to that location.


[33m[!][39m Xcode - develop for iOS and macOS (Xcode 26.3) [3.6s]
    [32m•[39m Xcode at /Applications/Xcode.app/Contents/Developer
    [32m•[39m Build 17C529
    [31m✗[39m Unable to get list of installed Simulator runtimes.
    [32m•[39m CocoaPods version 1.16.2

[32m[✓][39m Chrome - develop for the web [5ms]
    [32m•[39m Chrome at /Applications/Google Chrome.app/Contents/MacOS/Google Chrome

[32m[✓][39m Connected device (3 available) [11.2s]
    [32m•[39m Yukoval的iPad (wireless) (mobile) • 00008132-001145D10205001C • ios            • iOS 26.4
      23E5207q
    [32m•[39m macOS (desktop)                  • macos                     • darwin-arm64   • macOS
      26.4 25E5218f darwin-arm64
    [32m•[39m Chrome (web)                     • chrome                    • web-javascript • Google
      Chrome 144.0.7559.110
    [33m![39m Error: Browsing on the local area network for Yukoval的iPhone. Ensure the device is
      unlocked and attached with a cable or associated with the same local area network as this
      Mac.
      The device must be opted into Developer Mode to connect wirelessly. (code -27)

[32m[✓][39m Network resources [692ms]
    [32m•[39m All expected network resources are available.

[33m![39m Doctor found issues in 2 categories.
```
